<?xml version="1.0" encoding="UTF-8"?>
<!-- Generated by org.testng.reporters.JUnitReportReporter -->
<testsuite hostname="LAPTOP-Q5U3QDOQ" failures="0" tests="8" name="test.RWLoginPageTest" time="131.311" errors="0" timestamp="2024-06-26T10:27:04 ICT" skipped="0">
  <testcase classname="test.RWLoginPageTest" name="RWLoginSuccessTest" time="14.807"/>
  <testcase classname="test.RWLoginPageTest" name="RWLoginSuccessTest" time="17.232"/>
  <testcase classname="test.RWLoginPageTest" name="RWLoginSuccessTest" time="25.758"/>
  <testcase classname="test.RWLoginPageTest" name="RWLoginSuccessTest" time="15.709"/>
  <testcase classname="test.RWLoginPageTest" name="RWLoginFailTest" time="17.307"/>
  <testcase classname="test.RWLoginPageTest" name="RWLoginFailTest" time="15.948"/>
  <testcase classname="test.RWLoginPageTest" name="RWLoginFailTest" time="12.199"/>
  <testcase classname="test.RWLoginPageTest" name="RWLoginFailTest" time="12.351"/>
</testsuite> <!-- test.RWLoginPageTest -->
