<?xml version="1.0" encoding="UTF-8"?>
<!-- Generated by org.testng.reporters.JUnitReportReporter -->
<testsuite hostname="LAPTOP-Q5U3QDOQ" failures="0" tests="1" name="Functionals.SearchUserPageTest" time="21.364" errors="0" timestamp="2024-07-01T08:10:56 ICT" skipped="0">
  <testcase classname="Functionals.SearchUserPageTest" name="searchDataInvalid" time="21.364"/>
</testsuite> <!-- Functionals.SearchUserPageTest -->
