<?xml version="1.0" encoding="UTF-8"?>
<!-- Generated by org.testng.reporters.JUnitReportReporter -->
<testsuite hostname="LAPTOP-Q5U3QDOQ" failures="0" tests="1" name="Functionals.AddUserPageTest" time="16.759" errors="0" timestamp="2024-07-01T10:27:37 ICT" skipped="0">
  <testcase classname="Functionals.AddUserPageTest" name="cancelAddUser" time="16.759"/>
</testsuite> <!-- Functionals.AddUserPageTest -->
