<?xml version="1.0" encoding="UTF-8"?>
<!-- Generated by org.testng.reporters.JUnitReportReporter -->
<testsuite hostname="LAPTOP-Q5U3QDOQ" failures="0" tests="6" name="Functionals.LoginPageTest" time="161.918" errors="0" timestamp="2024-06-28T08:27:09 ICT" skipped="0">
  <testcase classname="Functionals.LoginPageTest" name="loginSuccessTest" time="16.031"/>
  <testcase classname="Functionals.LoginPageTest" name="loginFailTest" time="19.230"/>
  <testcase classname="Functionals.LoginPageTest" name="loginFailTest" time="19.221"/>
  <testcase classname="Functionals.LoginPageTest" name="loginFailTest" time="18.945"/>
  <testcase classname="Functionals.LoginPageTest" name="loginFailTest" time="21.510"/>
  <testcase classname="Functionals.LoginPageTest" name="loginFailTest" time="66.981"/>
</testsuite> <!-- Functionals.LoginPageTest -->
